{
  "numFailedTestSuites": 0,
  "numFailedTests": 0,
  "numPassedTestSuites": 1,
  "numPassedTests": 4,
  "numPendingTestSuites": 0,
  "numPendingTests": 0,
  "numRuntimeErrorTestSuites": 0,
  "numTodoTests": 0,
  "numTotalTestSuites": 1,
  "numTotalTests": 4,
  "openHandles": [],
  "snapshot": {
    "added": 0,
    "didUpdate": false,
    "failure": false,
    "filesAdded": 0,
    "filesRemoved": 0,
    "filesRemovedList": [],
    "filesUnmatched": 0,
    "filesUpdated": 0,
    "matched": 0,
    "total": 0,
    "unchecked": 0,
    "uncheckedKeysByFile": [],
    "unmatched": 0,
    "updated": 0
  },
  "startTime": 1721436635036,
  "success": false,
  "testResults": [
    {
      "leaks": false,
      "numFailingTests": 0,
      "numPassingTests": 4,
      "numPendingTests": 0,
      "numTodoTests": 0,
      "openHandles": [],
      "perfStats": {
        "end": 1721436639729,
        "runtime": 4548,
        "slow": false,
        "start": 1721436635181
      },
      "skipped": false,
      "snapshot": {
        "added": 0,
        "fileDeleted": false,
        "matched": 0,
        "unchecked": 0,
        "uncheckedKeys": [],
        "unmatched": 0,
        "updated": 0
      },
      "testFilePath": "C:\\Users\\ismed\\Projects\\pgats-prova-api\\test\\content\\test-integration-content.test.js",
      "testResults": [
        {
          "ancestorTitles": [
            "CRUD - Conteúdo: GET, POST, DELETE e PUT"
          ],
          "duration": 24,
          "failureDetails": [],
          "failureMessages": [],
          "fullName": "CRUD - Conteúdo: GET, POST, DELETE e PUT Validar retorno dos dados esperado do Cadastro de Conteúdo",
          "invocations": 1,
          "location": null,
          "numPassingAsserts": 7,
          "retryReasons": [],
          "status": "passed",
          "title": "Validar retorno dos dados esperado do Cadastro de Conteúdo"
        },
        {
          "ancestorTitles": [
            "CRUD - Conteúdo: GET, POST, DELETE e PUT"
          ],
          "duration": 6,
          "failureDetails": [],
          "failureMessages": [],
          "fullName": "CRUD - Conteúdo: GET, POST, DELETE e PUT GET: Validar se o conteúdo recém cadastro foi persistido",
          "invocations": 1,
          "location": null,
          "numPassingAsserts": 6,
          "retryReasons": [],
          "status": "passed",
          "title": "GET: Validar se o conteúdo recém cadastro foi persistido"
        },
        {
          "ancestorTitles": [
            "CRUD - Conteúdo: GET, POST, DELETE e PUT"
          ],
          "duration": 12,
          "failureDetails": [],
          "failureMessages": [],
          "fullName": "CRUD - Conteúdo: GET, POST, DELETE e PUT PUT: Validar alteração do conteúdo ",
          "invocations": 1,
          "location": null,
          "numPassingAsserts": 4,
          "retryReasons": [],
          "status": "passed",
          "title": "PUT: Validar alteração do conteúdo "
        },
        {
          "ancestorTitles": [
            "CRUD - Conteúdo: GET, POST, DELETE e PUT"
          ],
          "duration": 18,
          "failureDetails": [],
          "failureMessages": [],
          "fullName": "CRUD - Conteúdo: GET, POST, DELETE e PUT DELETE: Validar exclusão do conteúdo ",
          "invocations": 1,
          "location": null,
          "numPassingAsserts": 4,
          "retryReasons": [],
          "status": "passed",
          "title": "DELETE: Validar exclusão do conteúdo "
        }
      ],
      "failureMessage": null
    }
  ],
  "wasInterrupted": false
}